c:\users\ruanv\documents\saoirse\saoirse\saoirse\x64\debug\vc145.pdb
c:\users\ruanv\documents\saoirse\saoirse\saoirse\x64\debug\vc145.idb
c:\users\ruanv\documents\saoirse\saoirse\saoirse\x64\debug\stb_image.obj
c:\users\ruanv\documents\saoirse\saoirse\saoirse\x64\debug\camera.obj
c:\users\ruanv\documents\saoirse\saoirse\saoirse\x64\debug\main.obj
c:\users\ruanv\documents\saoirse\saoirse\saoirse\x64\debug\vulkandevice.obj
c:\users\ruanv\documents\saoirse\saoirse\saoirse\x64\debug\application_swapchain.obj
c:\users\ruanv\documents\saoirse\saoirse\saoirse\x64\debug\application_shadowsspot.obj
c:\users\ruanv\documents\saoirse\saoirse\saoirse\x64\debug\application_shadowspoint.obj
c:\users\ruanv\documents\saoirse\saoirse\saoirse\x64\debug\application_shadowscascade.obj
c:\users\ruanv\documents\saoirse\saoirse\saoirse\x64\debug\application_resources.obj
c:\users\ruanv\documents\saoirse\saoirse\saoirse\x64\debug\application_pipeline.obj
c:\users\ruanv\documents\saoirse\saoirse\saoirse\x64\debug\application_input.obj
c:\users\ruanv\documents\saoirse\saoirse\saoirse\x64\debug\application_frame.obj
c:\users\ruanv\documents\saoirse\saoirse\saoirse\x64\debug\application_descriptors.obj
c:\users\ruanv\documents\saoirse\saoirse\saoirse\x64\debug\application_core.obj
c:\users\ruanv\documents\saoirse\saoirse\x64\debug\saoirse.exe
c:\users\ruanv\documents\saoirse\saoirse\x64\debug\saoirse.pdb
c:\users\ruanv\documents\saoirse\saoirse\x64\debug\assimp-vc143-mtd.dll
c:\users\ruanv\documents\saoirse\saoirse\x64\debug\poly2tri.dll
c:\users\ruanv\documents\saoirse\saoirse\x64\debug\minizip.dll
c:\users\ruanv\documents\saoirse\saoirse\x64\debug\zlibd1.dll
c:\users\ruanv\documents\saoirse\saoirse\x64\debug\pugixml.dll
c:\users\ruanv\documents\saoirse\saoirse\saoirse\x64\debug\saoirse.ilk
c:\users\ruanv\documents\saoirse\saoirse\saoirse\x64\debug\saoirse.tlog\cl.command.1.tlog
c:\users\ruanv\documents\saoirse\saoirse\saoirse\x64\debug\saoirse.tlog\cl.items.tlog
c:\users\ruanv\documents\saoirse\saoirse\saoirse\x64\debug\saoirse.tlog\cl.read.1.tlog
c:\users\ruanv\documents\saoirse\saoirse\saoirse\x64\debug\saoirse.tlog\cl.write.1.tlog
c:\users\ruanv\documents\saoirse\saoirse\saoirse\x64\debug\saoirse.tlog\link.command.1.tlog
c:\users\ruanv\documents\saoirse\saoirse\saoirse\x64\debug\saoirse.tlog\link.read.1.tlog
c:\users\ruanv\documents\saoirse\saoirse\saoirse\x64\debug\saoirse.tlog\link.secondary.1.tlog
c:\users\ruanv\documents\saoirse\saoirse\saoirse\x64\debug\saoirse.tlog\link.write.1.tlog
c:\users\ruanv\documents\saoirse\saoirse\saoirse\x64\debug\saoirse.tlog\saoirse.write.1u.tlog
